0 info it worked if it ends with ok
1 verbose cli [ '/Applications/Atom.app/Contents/Resources/app/apm/bin/node',
1 verbose cli   '/Applications/Atom.app/Contents/Resources/app/apm/node_modules/npm/bin/npm-cli.js',
1 verbose cli   'version',
1 verbose cli   'minor',
1 verbose cli   '-m',
1 verbose cli   'Prepare %s release' ]
2 info using npm@3.10.5
3 info using node@v4.4.5
4 info git [ 'status', '--porcelain' ]
5 info lifecycle fuzzy-finder-buffers@0.1.0~preversion: fuzzy-finder-buffers@0.1.0
6 silly lifecycle fuzzy-finder-buffers@0.1.0~preversion: no script for preversion, continuing
7 verbose version.write data { name: 'fuzzy-finder-buffers',
7 verbose version.write   version: '0.1.0',
7 verbose version.write   main: './lib/main',
7 verbose version.write   description: 'Fork of the fuzzy-finder package, with buffer closing.',
7 verbose version.write   repository: 'https://github.com/bradens/fuzzy-finder',
7 verbose version.write   license: 'MIT',
7 verbose version.write   dependencies:
7 verbose version.write    { async: '0.2.6',
7 verbose version.write      'atom-space-pen-views': '^2.0.0',
7 verbose version.write      'fs-plus': '^2.0.0',
7 verbose version.write      fuzzaldrin: '^2.0',
7 verbose version.write      'fuzzaldrin-plus': '^0.4.1',
7 verbose version.write      'humanize-plus': '~1.8.2',
7 verbose version.write      minimatch: '~3.0.3',
7 verbose version.write      temp: '~0.8.1',
7 verbose version.write      'underscore-plus': '^1.0.0',
7 verbose version.write      wrench: '^1.5' },
7 verbose version.write   engines: { atom: '*' },
7 verbose version.write   devDependencies: { coffeelint: '^1.9.7' },
7 verbose version.write   consumedServices: { 'atom.file-icons': { versions: [Object] } },
7 verbose version.write   configSchema:
7 verbose version.write    { ignoredNames:
7 verbose version.write       { type: 'array',
7 verbose version.write         default: [],
7 verbose version.write         description: 'List of string glob patterns. Files and directories matching these patterns will be ignored. This list is merged with the list defined by the core `Ignored Names` config setting. Example: `.git, ._*, Thumbs.db`.' },
7 verbose version.write      searchAllPanes:
7 verbose version.write       { type: 'boolean',
7 verbose version.write         default: false,
7 verbose version.write         description: 'Search all panes when opening files. If disabled, only the active pane is searched. Holding `shift` inverts this setting.' },
7 verbose version.write      preserveLastSearch:
7 verbose version.write       { type: 'boolean',
7 verbose version.write         default: false,
7 verbose version.write         description: 'Remember the typed query when closing the fuzzy finder and use that as the starting query next time the fuzzy finder is opened.' },
7 verbose version.write      useAlternateScoring:
7 verbose version.write       { type: 'boolean',
7 verbose version.write         default: true,
7 verbose version.write         description: 'Use an alternative scoring approach which prefers run of consecutive characters, acronyms and start of words. (Experimental)' } } } to package.json
8 info lifecycle fuzzy-finder-buffers@0.1.0~version: fuzzy-finder-buffers@0.1.0
9 silly lifecycle fuzzy-finder-buffers@0.1.0~version: no script for version, continuing
10 info git [ 'add',
10 info git   '/Users/bradensimpson/workspace/fuzzy-finder-buffers/package.json' ]
11 info git [ 'commit', '-m', 'Prepare 0.1.0 release' ]
12 info git [ 'tag', 'v0.1.0', '-am', 'Prepare 0.1.0 release' ]
13 verbose stack Error: Command failed: git tag v0.1.0 -am Prepare 0.1.0 release
13 verbose stack fatal: tag 'v0.1.0' already exists
13 verbose stack
13 verbose stack     at ChildProcess.exithandler (child_process.js:213:12)
13 verbose stack     at emitTwo (events.js:87:13)
13 verbose stack     at ChildProcess.emit (events.js:172:7)
13 verbose stack     at maybeClose (internal/child_process.js:827:16)
13 verbose stack     at Socket.<anonymous> (internal/child_process.js:319:11)
13 verbose stack     at emitOne (events.js:77:13)
13 verbose stack     at Socket.emit (events.js:169:7)
13 verbose stack     at Pipe._onclose (net.js:477:12)
14 verbose cwd /Users/bradensimpson/workspace/fuzzy-finder-buffers
15 error Darwin 16.4.0
16 error argv "/Applications/Atom.app/Contents/Resources/app/apm/bin/node" "/Applications/Atom.app/Contents/Resources/app/apm/node_modules/npm/bin/npm-cli.js" "version" "minor" "-m" "Prepare %s release"
17 error node v4.4.5
18 error npm  v3.10.5
19 error code 128
20 error Command failed: git tag v0.1.0 -am Prepare 0.1.0 release
20 error fatal: tag 'v0.1.0' already exists
21 error If you need help, you may report this error at:
21 error     <https://github.com/npm/npm/issues>
22 verbose exit [ 1, true ]
